[      88ms] [INFO] %cDownload the React DevTools for a better development experience: https://react.dev/link/react-devtools font-weight:bold @ http://localhost:3000/_next/static/chunks/node_modules_next_dist_115brz8._.js:2477
[     106ms] [LOG] [HMR] connected @ http://localhost:3000/_next/static/chunks/node_modules_next_dist_115brz8._.js:2477
[  328204ms] [LOG] [Fast Refresh] rebuilding @ http://localhost:3000/_next/static/chunks/node_modules_next_dist_115brz8._.js:2477
[  328235ms] [ERROR] The tag <%s> is unrecognized in this browser. If you meant to render a React component, start its name with an uppercase letter. things @ http://localhost:3000/_next/static/chunks/node_modules_next_dist_115brz8._.js:3318
[  328277ms] [LOG] [Fast Refresh] done in 117ms @ http://localhost:3000/_next/static/chunks/node_modules_next_dist_115brz8._.js:2477
[  443397ms] [LOG] [Fast Refresh] rebuilding @ http://localhost:3000/_next/static/chunks/node_modules_next_dist_115brz8._.js:2477
[  443500ms] [LOG] [Fast Refresh] done in 155ms @ http://localhost:3000/_next/static/chunks/node_modules_next_dist_115brz8._.js:2477
[  461424ms] [LOG] [Fast Refresh] rebuilding @ http://localhost:3000/_next/static/chunks/node_modules_next_dist_115brz8._.js:2477
[  461515ms] [LOG] [Fast Refresh] done in 122ms @ http://localhost:3000/_next/static/chunks/node_modules_next_dist_115brz8._.js:2477
[  537127ms] [LOG] [Fast Refresh] rebuilding @ http://localhost:3000/_next/static/chunks/node_modules_next_dist_115brz8._.js:2477
[  537225ms] [LOG] [Fast Refresh] done in 127ms @ http://localhost:3000/_next/static/chunks/node_modules_next_dist_115brz8._.js:2477
[  559104ms] [LOG] [Fast Refresh] rebuilding @ http://localhost:3000/_next/static/chunks/node_modules_next_dist_115brz8._.js:2477
[  559184ms] [LOG] [Fast Refresh] done in 134ms @ http://localhost:3000/_next/static/chunks/node_modules_next_dist_115brz8._.js:2477
[  695961ms] [LOG] [Fast Refresh] rebuilding @ http://localhost:3000/_next/static/chunks/node_modules_next_dist_115brz8._.js:2477
[  696034ms] [LOG] [Fast Refresh] done in 128ms @ http://localhost:3000/_next/static/chunks/node_modules_next_dist_115brz8._.js:2477
[  699537ms] [LOG] [Fast Refresh] rebuilding @ http://localhost:3000/_next/static/chunks/node_modules_next_dist_115brz8._.js:2477
[  699559ms] [LOG] [Fast Refresh] done in 126ms @ http://localhost:3000/_next/static/chunks/node_modules_next_dist_115brz8._.js:2477
[  703869ms] [LOG] [Fast Refresh] rebuilding @ http://localhost:3000/_next/static/chunks/node_modules_next_dist_115brz8._.js:2477
[  703953ms] [LOG] [Fast Refresh] done in 150ms @ http://localhost:3000/_next/static/chunks/node_modules_next_dist_115brz8._.js:2477
[  712353ms] [LOG] [Fast Refresh] rebuilding @ http://localhost:3000/_next/static/chunks/node_modules_next_dist_115brz8._.js:2477
[  712405ms] [LOG] [Fast Refresh] done in 99ms @ http://localhost:3000/_next/static/chunks/node_modules_next_dist_115brz8._.js:2477
[  714514ms] [LOG] [Fast Refresh] rebuilding @ http://localhost:3000/_next/static/chunks/node_modules_next_dist_115brz8._.js:2477
[  714516ms] [LOG] [Fast Refresh] done in 104ms @ http://localhost:3000/_next/static/chunks/node_modules_next_dist_115brz8._.js:2477
[  794975ms] [LOG] [Fast Refresh] rebuilding @ http://localhost:3000/_next/static/chunks/node_modules_next_dist_115brz8._.js:2477
[  795083ms] [LOG] [Fast Refresh] done in 114ms @ http://localhost:3000/_next/static/chunks/node_modules_next_dist_115brz8._.js:2477
[  809640ms] [LOG] [Fast Refresh] rebuilding @ http://localhost:3000/_next/static/chunks/node_modules_next_dist_115brz8._.js:2477
[  809733ms] [LOG] [Fast Refresh] done in 119ms @ http://localhost:3000/_next/static/chunks/node_modules_next_dist_115brz8._.js:2477
[  820548ms] [LOG] [Fast Refresh] rebuilding @ http://localhost:3000/_next/static/chunks/node_modules_next_dist_115brz8._.js:2477
[  821084ms] [ERROR] ./components/Hero.tsx:240:7
Expression expected
  238 |       {/* ── Marquee strip ── */}
  239 |       <MarqueeStrip />
> 240 |     </>
      |       ^
  241 |   );
  242 | }
  243 |

Parsing ecmascript source code failed

Import trace:
  Server Component:
    ./components/Hero.tsx
    ./app/page.tsx @ http://localhost:3000/_next/static/chunks/node_modules_next_dist_115brz8._.js:3318
[  821085ms] [ERROR] Failed to load resource: the server responded with a status of 500 (Internal Server Error) @ http://localhost:3000/?_rsc=q3mOO9BClNZHexY7:0
[  821143ms] [ERROR] Failed to load resource: the server responded with a status of 500 (Internal Server Error) @ http://localhost:3000/?_rsc=q3mOO9BClNZHexY7:0
[  821146ms] [ERROR] ./components/Hero.tsx:240:7
Expression expected
  238 |       {/* ── Marquee strip ── */}
  239 |       <MarqueeStrip />
> 240 |     </>
      |       ^
  241 |   );
  242 | }
  243 |

Parsing ecmascript source code failed

Import trace:
  Server Component:
    ./components/Hero.tsx
    ./app/page.tsx @ http://localhost:3000/_next/static/chunks/node_modules_next_dist_115brz8._.js:3318
[  821174ms] [ERROR] Failed to load resource: the server responded with a status of 500 (Internal Server Error) @ http://localhost:3000/:0
[  821217ms] [INFO] %cDownload the React DevTools for a better development experience: https://react.dev/link/react-devtools font-weight:bold @ http://localhost:3000/_next/static/chunks/node_modules_react-dom_0bruynb._.js:15305
[  821233ms] Error: ./components/Hero.tsx:240:7
Expression expected
  238 |       {/* ── Marquee strip ── */}
  239 |       <MarqueeStrip />
> 240 |     </>
      |       ^
  241 |   );
  242 | }
  243 |

Parsing ecmascript source code failed

Import trace:
  Server Component:
    ./components/Hero.tsx
    ./app/page.tsx


    at <unknown> (Error: ./components/Hero.tsx:240:7)
    at Object.getCompilationErrors (file://C:\Projects\umuegbuke_bloodline\node_modules\next\dist\server\dev\hot-reloader-turbopack.js:1186:59)
    at DevBundlerService.getCompilationError (file://C:\Projects\umuegbuke_bloodline\node_modules\next\dist\server\lib\dev-bundler-service.js:44:55)
    at DevServer.getCompilationError (file://C:\Projects\umuegbuke_bloodline\node_modules\next\dist\server\dev\next-dev-server.js:720:42)
    at DevServer.findPageComponents (file://C:\Projects\umuegbuke_bloodline\node_modules\next\dist\server\dev\next-dev-server.js:690:43)
    at async DevServer.renderErrorToResponseImpl (file://C:\Projects\umuegbuke_bloodline\node_modules\next\dist\server\base-server.js:1753:26)
[  821236ms] [LOG] [HMR] connected @ http://localhost:3000/_next/static/chunks/node_modules_next_dist_0u_w_5s._.js:1226
[  821237ms] [ERROR] ./components/Hero.tsx:240:7
Expression expected
  238 |       {/* ── Marquee strip ── */}
  239 |       <MarqueeStrip />
> 240 |     </>
      |       ^
  241 |   );
  242 | }
  243 |

Parsing ecmascript source code failed

Import trace:
  Server Component:
    ./components/Hero.tsx
    ./app/page.tsx @ http://localhost:3000/_next/static/chunks/node_modules_next_dist_0u_w_5s._.js:1945
[  821239ms] [ERROR] ./components/Hero.tsx:240:7
Expression expected
  238 |       {/* ── Marquee strip ── */}
  239 |       <MarqueeStrip />
> 240 |     </>
      |       ^
  241 |   );
  242 | }
  243 |

Parsing ecmascript source code failed

Import trace:
  Server Component:
    ./components/Hero.tsx
    ./app/page.tsx @ http://localhost:3000/_next/static/chunks/node_modules_next_dist_0u_w_5s._.js:1945
[  821300ms] [ERROR] ./components/Hero.tsx:240:7
Expression expected
  238 |       {/* ── Marquee strip ── */}
  239 |       <MarqueeStrip />
> 240 |     </>
      |       ^
  241 |   );
  242 | }
  243 |

Parsing ecmascript source code failed

Import trace:
  Server Component:
    ./components/Hero.tsx
    ./app/page.tsx @ http://localhost:3000/_next/static/chunks/node_modules_next_dist_0u_w_5s._.js:1945
[  821368ms] [ERROR] ./components/Hero.tsx:240:7
Expression expected
  238 |       {/* ── Marquee strip ── */}
  239 |       <MarqueeStrip />
> 240 |     </>
      |       ^
  241 |   );
  242 | }
  243 |

Parsing ecmascript source code failed

Import trace:
  Server Component:
    ./components/Hero.tsx
    ./app/page.tsx @ http://localhost:3000/_next/static/chunks/node_modules_next_dist_0u_w_5s._.js:1945
[  821430ms] [ERROR] ./components/Hero.tsx:240:7
Expression expected
  238 |       {/* ── Marquee strip ── */}
  239 |       <MarqueeStrip />
> 240 |     </>
      |       ^
  241 |   );
  242 | }
  243 |

Parsing ecmascript source code failed

Import trace:
  Server Component:
    ./components/Hero.tsx
    ./app/page.tsx @ http://localhost:3000/_next/static/chunks/node_modules_next_dist_0u_w_5s._.js:1945
[  821491ms] [ERROR] ./components/Hero.tsx:240:7
Expression expected
  238 |       {/* ── Marquee strip ── */}
  239 |       <MarqueeStrip />
> 240 |     </>
      |       ^
  241 |   );
  242 | }
  243 |

Parsing ecmascript source code failed

Import trace:
  Server Component:
    ./components/Hero.tsx
    ./app/page.tsx @ http://localhost:3000/_next/static/chunks/node_modules_next_dist_0u_w_5s._.js:1945
[  821542ms] [ERROR] ./components/Hero.tsx:240:7
Expression expected
  238 |       {/* ── Marquee strip ── */}
  239 |       <MarqueeStrip />
> 240 |     </>
      |       ^
  241 |   );
  242 | }
  243 |

Parsing ecmascript source code failed

Import trace:
  Server Component:
    ./components/Hero.tsx
    ./app/page.tsx @ http://localhost:3000/_next/static/chunks/node_modules_next_dist_0u_w_5s._.js:1945
[  821593ms] [ERROR] ./components/Hero.tsx:240:7
Expression expected
  238 |       {/* ── Marquee strip ── */}
  239 |       <MarqueeStrip />
> 240 |     </>
      |       ^
  241 |   );
  242 | }
  243 |

Parsing ecmascript source code failed

Import trace:
  Server Component:
    ./components/Hero.tsx
    ./app/page.tsx @ http://localhost:3000/_next/static/chunks/node_modules_next_dist_0u_w_5s._.js:1945
[  821656ms] [ERROR] ./components/Hero.tsx:240:7
Expression expected
  238 |       {/* ── Marquee strip ── */}
  239 |       <MarqueeStrip />
> 240 |     </>
      |       ^
  241 |   );
  242 | }
  243 |

Parsing ecmascript source code failed

Import trace:
  Server Component:
    ./components/Hero.tsx
    ./app/page.tsx @ http://localhost:3000/_next/static/chunks/node_modules_next_dist_0u_w_5s._.js:1945
[  821702ms] [ERROR] ./components/Hero.tsx:240:7
Expression expected
  238 |       {/* ── Marquee strip ── */}
  239 |       <MarqueeStrip />
> 240 |     </>
      |       ^
  241 |   );
  242 | }
  243 |

Parsing ecmascript source code failed

Import trace:
  Server Component:
    ./components/Hero.tsx
    ./app/page.tsx @ http://localhost:3000/_next/static/chunks/node_modules_next_dist_0u_w_5s._.js:1945
[  821757ms] [ERROR] ./components/Hero.tsx:240:7
Expression expected
  238 |       {/* ── Marquee strip ── */}
  239 |       <MarqueeStrip />
> 240 |     </>
      |       ^
  241 |   );
  242 | }
  243 |

Parsing ecmascript source code failed

Import trace:
  Server Component:
    ./components/Hero.tsx
    ./app/page.tsx @ http://localhost:3000/_next/static/chunks/node_modules_next_dist_0u_w_5s._.js:1945
[  821813ms] [ERROR] ./components/Hero.tsx:240:7
Expression expected
  238 |       {/* ── Marquee strip ── */}
  239 |       <MarqueeStrip />
> 240 |     </>
      |       ^
  241 |   );
  242 | }
  243 |

Parsing ecmascript source code failed

Import trace:
  Server Component:
    ./components/Hero.tsx
    ./app/page.tsx @ http://localhost:3000/_next/static/chunks/node_modules_next_dist_0u_w_5s._.js:1945
[  821868ms] [ERROR] ./components/Hero.tsx:240:7
Expression expected
  238 |       {/* ── Marquee strip ── */}
  239 |       <MarqueeStrip />
> 240 |     </>
      |       ^
  241 |   );
  242 | }
  243 |

Parsing ecmascript source code failed

Import trace:
  Server Component:
    ./components/Hero.tsx
    ./app/page.tsx @ http://localhost:3000/_next/static/chunks/node_modules_next_dist_0u_w_5s._.js:1945
[  821931ms] [ERROR] ./components/Hero.tsx:240:7
Expression expected
  238 |       {/* ── Marquee strip ── */}
  239 |       <MarqueeStrip />
> 240 |     </>
      |       ^
  241 |   );
  242 | }
  243 |

Parsing ecmascript source code failed

Import trace:
  Server Component:
    ./components/Hero.tsx
    ./app/page.tsx @ http://localhost:3000/_next/static/chunks/node_modules_next_dist_0u_w_5s._.js:1945
[  821983ms] [ERROR] ./components/Hero.tsx:240:7
Expression expected
  238 |       {/* ── Marquee strip ── */}
  239 |       <MarqueeStrip />
> 240 |     </>
      |       ^
  241 |   );
  242 | }
  243 |

Parsing ecmascript source code failed

Import trace:
  Server Component:
    ./components/Hero.tsx
    ./app/page.tsx @ http://localhost:3000/_next/static/chunks/node_modules_next_dist_0u_w_5s._.js:1945
[  822045ms] [ERROR] ./components/Hero.tsx:240:7
Expression expected
  238 |       {/* ── Marquee strip ── */}
  239 |       <MarqueeStrip />
> 240 |     </>
      |       ^
  241 |   );
  242 | }
  243 |

Parsing ecmascript source code failed

Import trace:
  Server Component:
    ./components/Hero.tsx
    ./app/page.tsx @ http://localhost:3000/_next/static/chunks/node_modules_next_dist_0u_w_5s._.js:1945
[  822098ms] [ERROR] ./components/Hero.tsx:240:7
Expression expected
  238 |       {/* ── Marquee strip ── */}
  239 |       <MarqueeStrip />
> 240 |     </>
      |       ^
  241 |   );
  242 | }
  243 |

Parsing ecmascript source code failed

Import trace:
  Server Component:
    ./components/Hero.tsx
    ./app/page.tsx @ http://localhost:3000/_next/static/chunks/node_modules_next_dist_0u_w_5s._.js:1945
[  822139ms] [ERROR] ./components/Hero.tsx:240:7
Expression expected
  238 |       {/* ── Marquee strip ── */}
  239 |       <MarqueeStrip />
> 240 |     </>
      |       ^
  241 |   );
  242 | }
  243 |

Parsing ecmascript source code failed

Import trace:
  Server Component:
    ./components/Hero.tsx
    ./app/page.tsx @ http://localhost:3000/_next/static/chunks/node_modules_next_dist_0u_w_5s._.js:1945
[  822191ms] [ERROR] ./components/Hero.tsx:240:7
Expression expected
  238 |       {/* ── Marquee strip ── */}
  239 |       <MarqueeStrip />
> 240 |     </>
      |       ^
  241 |   );
  242 | }
  243 |

Parsing ecmascript source code failed

Import trace:
  Server Component:
    ./components/Hero.tsx
    ./app/page.tsx @ http://localhost:3000/_next/static/chunks/node_modules_next_dist_0u_w_5s._.js:1945
[  822243ms] [ERROR] ./components/Hero.tsx:240:7
Expression expected
  238 |       {/* ── Marquee strip ── */}
  239 |       <MarqueeStrip />
> 240 |     </>
      |       ^
  241 |   );
  242 | }
  243 |

Parsing ecmascript source code failed

Import trace:
  Server Component:
    ./components/Hero.tsx
    ./app/page.tsx @ http://localhost:3000/_next/static/chunks/node_modules_next_dist_0u_w_5s._.js:1945
[  822299ms] [ERROR] ./components/Hero.tsx:240:7
Expression expected
  238 |       {/* ── Marquee strip ── */}
  239 |       <MarqueeStrip />
> 240 |     </>
      |       ^
  241 |   );
  242 | }
  243 |

Parsing ecmascript source code failed

Import trace:
  Server Component:
    ./components/Hero.tsx
    ./app/page.tsx @ http://localhost:3000/_next/static/chunks/node_modules_next_dist_0u_w_5s._.js:1945
[  822340ms] [ERROR] ./components/Hero.tsx:240:7
Expression expected
  238 |       {/* ── Marquee strip ── */}
  239 |       <MarqueeStrip />
> 240 |     </>
      |       ^
  241 |   );
  242 | }
  243 |

Parsing ecmascript source code failed

Import trace:
  Server Component:
    ./components/Hero.tsx
    ./app/page.tsx @ http://localhost:3000/_next/static/chunks/node_modules_next_dist_0u_w_5s._.js:1945
[  822384ms] [ERROR] ./components/Hero.tsx:240:7
Expression expected
  238 |       {/* ── Marquee strip ── */}
  239 |       <MarqueeStrip />
> 240 |     </>
      |       ^
  241 |   );
  242 | }
  243 |

Parsing ecmascript source code failed

Import trace:
  Server Component:
    ./components/Hero.tsx
    ./app/page.tsx @ http://localhost:3000/_next/static/chunks/node_modules_next_dist_0u_w_5s._.js:1945
[  822445ms] [ERROR] ./components/Hero.tsx:240:7
Expression expected
  238 |       {/* ── Marquee strip ── */}
  239 |       <MarqueeStrip />
> 240 |     </>
      |       ^
  241 |   );
  242 | }
  243 |

Parsing ecmascript source code failed

Import trace:
  Server Component:
    ./components/Hero.tsx
    ./app/page.tsx @ http://localhost:3000/_next/static/chunks/node_modules_next_dist_0u_w_5s._.js:1945
[  822509ms] [ERROR] ./components/Hero.tsx:240:7
Expression expected
  238 |       {/* ── Marquee strip ── */}
  239 |       <MarqueeStrip />
> 240 |     </>
      |       ^
  241 |   );
  242 | }
  243 |

Parsing ecmascript source code failed

Import trace:
  Server Component:
    ./components/Hero.tsx
    ./app/page.tsx @ http://localhost:3000/_next/static/chunks/node_modules_next_dist_0u_w_5s._.js:1945
[  822579ms] [ERROR] ./components/Hero.tsx:240:7
Expression expected
  238 |       {/* ── Marquee strip ── */}
  239 |       <MarqueeStrip />
> 240 |     </>
      |       ^
  241 |   );
  242 | }
  243 |

Parsing ecmascript source code failed

Import trace:
  Server Component:
    ./components/Hero.tsx
    ./app/page.tsx @ http://localhost:3000/_next/static/chunks/node_modules_next_dist_0u_w_5s._.js:1945
[  822636ms] [ERROR] ./components/Hero.tsx:240:7
Expression expected
  238 |       {/* ── Marquee strip ── */}
  239 |       <MarqueeStrip />
> 240 |     </>
      |       ^
  241 |   );
  242 | }
  243 |

Parsing ecmascript source code failed

Import trace:
  Server Component:
    ./components/Hero.tsx
    ./app/page.tsx @ http://localhost:3000/_next/static/chunks/node_modules_next_dist_0u_w_5s._.js:1945
[  822680ms] [ERROR] ./components/Hero.tsx:240:7
Expression expected
  238 |       {/* ── Marquee strip ── */}
  239 |       <MarqueeStrip />
> 240 |     </>
      |       ^
  241 |   );
  242 | }
  243 |

Parsing ecmascript source code failed

Import trace:
  Server Component:
    ./components/Hero.tsx
    ./app/page.tsx @ http://localhost:3000/_next/static/chunks/node_modules_next_dist_0u_w_5s._.js:1945
[  822738ms] [ERROR] ./components/Hero.tsx:240:7
Expression expected
  238 |       {/* ── Marquee strip ── */}
  239 |       <MarqueeStrip />
> 240 |     </>
      |       ^
  241 |   );
  242 | }
  243 |

Parsing ecmascript source code failed

Import trace:
  Server Component:
    ./components/Hero.tsx
    ./app/page.tsx @ http://localhost:3000/_next/static/chunks/node_modules_next_dist_0u_w_5s._.js:1945
[  822809ms] [ERROR] ./components/Hero.tsx:240:7
Expression expected
  238 |       {/* ── Marquee strip ── */}
  239 |       <MarqueeStrip />
> 240 |     </>
      |       ^
  241 |   );
  242 | }
  243 |

Parsing ecmascript source code failed

Import trace:
  Server Component:
    ./components/Hero.tsx
    ./app/page.tsx @ http://localhost:3000/_next/static/chunks/node_modules_next_dist_0u_w_5s._.js:1945
[  822861ms] [ERROR] ./components/Hero.tsx:240:7
Expression expected
  238 |       {/* ── Marquee strip ── */}
  239 |       <MarqueeStrip />
> 240 |     </>
      |       ^
  241 |   );
  242 | }
  243 |

Parsing ecmascript source code failed

Import trace:
  Server Component:
    ./components/Hero.tsx
    ./app/page.tsx @ http://localhost:3000/_next/static/chunks/node_modules_next_dist_0u_w_5s._.js:1945
[  822905ms] [ERROR] ./components/Hero.tsx:240:7
Expression expected
  238 |       {/* ── Marquee strip ── */}
  239 |       <MarqueeStrip />
> 240 |     </>
      |       ^
  241 |   );
  242 | }
  243 |

Parsing ecmascript source code failed

Import trace:
  Server Component:
    ./components/Hero.tsx
    ./app/page.tsx @ http://localhost:3000/_next/static/chunks/node_modules_next_dist_0u_w_5s._.js:1945
[  822958ms] [ERROR] ./components/Hero.tsx:240:7
Expression expected
  238 |       {/* ── Marquee strip ── */}
  239 |       <MarqueeStrip />
> 240 |     </>
      |       ^
  241 |   );
  242 | }
  243 |

Parsing ecmascript source code failed

Import trace:
  Server Component:
    ./components/Hero.tsx
    ./app/page.tsx @ http://localhost:3000/_next/static/chunks/node_modules_next_dist_0u_w_5s._.js:1945
[  823008ms] [ERROR] ./components/Hero.tsx:240:7
Expression expected
  238 |       {/* ── Marquee strip ── */}
  239 |       <MarqueeStrip />
> 240 |     </>
      |       ^
  241 |   );
  242 | }
  243 |

Parsing ecmascript source code failed

Import trace:
  Server Component:
    ./components/Hero.tsx
    ./app/page.tsx @ http://localhost:3000/_next/static/chunks/node_modules_next_dist_0u_w_5s._.js:1945
[  823054ms] [ERROR] ./components/Hero.tsx:240:7
Expression expected
  238 |       {/* ── Marquee strip ── */}
  239 |       <MarqueeStrip />
> 240 |     </>
      |       ^
  241 |   );
  242 | }
  243 |

Parsing ecmascript source code failed

Import trace:
  Server Component:
    ./components/Hero.tsx
    ./app/page.tsx @ http://localhost:3000/_next/static/chunks/node_modules_next_dist_0u_w_5s._.js:1945
[  823107ms] [ERROR] ./components/Hero.tsx:240:7
Expression expected
  238 |       {/* ── Marquee strip ── */}
  239 |       <MarqueeStrip />
> 240 |     </>
      |       ^
  241 |   );
  242 | }
  243 |

Parsing ecmascript source code failed

Import trace:
  Server Component:
    ./components/Hero.tsx
    ./app/page.tsx @ http://localhost:3000/_next/static/chunks/node_modules_next_dist_0u_w_5s._.js:1945
[  823163ms] [ERROR] ./components/Hero.tsx:240:7
Expression expected
  238 |       {/* ── Marquee strip ── */}
  239 |       <MarqueeStrip />
> 240 |     </>
      |       ^
  241 |   );
  242 | }
  243 |

Parsing ecmascript source code failed

Import trace:
  Server Component:
    ./components/Hero.tsx
    ./app/page.tsx @ http://localhost:3000/_next/static/chunks/node_modules_next_dist_0u_w_5s._.js:1945
[  823215ms] [ERROR] ./components/Hero.tsx:240:7
Expression expected
  238 |       {/* ── Marquee strip ── */}
  239 |       <MarqueeStrip />
> 240 |     </>
      |       ^
  241 |   );
  242 | }
  243 |

Parsing ecmascript source code failed

Import trace:
  Server Component:
    ./components/Hero.tsx
    ./app/page.tsx @ http://localhost:3000/_next/static/chunks/node_modules_next_dist_0u_w_5s._.js:1945
[  823266ms] [ERROR] ./components/Hero.tsx:240:7
Expression expected
  238 |       {/* ── Marquee strip ── */}
  239 |       <MarqueeStrip />
> 240 |     </>
      |       ^
  241 |   );
  242 | }
  243 |

Parsing ecmascript source code failed

Import trace:
  Server Component:
    ./components/Hero.tsx
    ./app/page.tsx @ http://localhost:3000/_next/static/chunks/node_modules_next_dist_0u_w_5s._.js:1945
[  823330ms] [ERROR] ./components/Hero.tsx:240:7
Expression expected
  238 |       {/* ── Marquee strip ── */}
  239 |       <MarqueeStrip />
> 240 |     </>
      |       ^
  241 |   );
  242 | }
  243 |

Parsing ecmascript source code failed

Import trace:
  Server Component:
    ./components/Hero.tsx
    ./app/page.tsx @ http://localhost:3000/_next/static/chunks/node_modules_next_dist_0u_w_5s._.js:1945
[  823398ms] [ERROR] ./components/Hero.tsx:240:7
Expression expected
  238 |       {/* ── Marquee strip ── */}
  239 |       <MarqueeStrip />
> 240 |     </>
      |       ^
  241 |   );
  242 | }
  243 |

Parsing ecmascript source code failed

Import trace:
  Server Component:
    ./components/Hero.tsx
    ./app/page.tsx @ http://localhost:3000/_next/static/chunks/node_modules_next_dist_0u_w_5s._.js:1945
[  823467ms] [ERROR] ./components/Hero.tsx:240:7
Expression expected
  238 |       {/* ── Marquee strip ── */}
  239 |       <MarqueeStrip />
> 240 |     </>
      |       ^
  241 |   );
  242 | }
  243 |

Parsing ecmascript source code failed

Import trace:
  Server Component:
    ./components/Hero.tsx
    ./app/page.tsx @ http://localhost:3000/_next/static/chunks/node_modules_next_dist_0u_w_5s._.js:1945
[  823531ms] [ERROR] ./components/Hero.tsx:240:7
Expression expected
  238 |       {/* ── Marquee strip ── */}
  239 |       <MarqueeStrip />
> 240 |     </>
      |       ^
  241 |   );
  242 | }
  243 |

Parsing ecmascript source code failed

Import trace:
  Server Component:
    ./components/Hero.tsx
    ./app/page.tsx @ http://localhost:3000/_next/static/chunks/node_modules_next_dist_0u_w_5s._.js:1945
[  823601ms] [ERROR] ./components/Hero.tsx:240:7
Expression expected
  238 |       {/* ── Marquee strip ── */}
  239 |       <MarqueeStrip />
> 240 |     </>
      |       ^
  241 |   );
  242 | }
  243 |

Parsing ecmascript source code failed

Import trace:
  Server Component:
    ./components/Hero.tsx
    ./app/page.tsx @ http://localhost:3000/_next/static/chunks/node_modules_next_dist_0u_w_5s._.js:1945
[  823661ms] [ERROR] ./components/Hero.tsx:240:7
Expression expected
  238 |       {/* ── Marquee strip ── */}
  239 |       <MarqueeStrip />
> 240 |     </>
      |       ^
  241 |   );
  242 | }
  243 |

Parsing ecmascript source code failed

Import trace:
  Server Component:
    ./components/Hero.tsx
    ./app/page.tsx @ http://localhost:3000/_next/static/chunks/node_modules_next_dist_0u_w_5s._.js:1945
[  823710ms] [ERROR] ./components/Hero.tsx:240:7
Expression expected
  238 |       {/* ── Marquee strip ── */}
  239 |       <MarqueeStrip />
> 240 |     </>
      |       ^
  241 |   );
  242 | }
  243 |

Parsing ecmascript source code failed

Import trace:
  Server Component:
    ./components/Hero.tsx
    ./app/page.tsx @ http://localhost:3000/_next/static/chunks/node_modules_next_dist_0u_w_5s._.js:1945
[  823757ms] [ERROR] ./components/Hero.tsx:240:7
Expression expected
  238 |       {/* ── Marquee strip ── */}
  239 |       <MarqueeStrip />
> 240 |     </>
      |       ^
  241 |   );
  242 | }
  243 |

Parsing ecmascript source code failed

Import trace:
  Server Component:
    ./components/Hero.tsx
    ./app/page.tsx @ http://localhost:3000/_next/static/chunks/node_modules_next_dist_0u_w_5s._.js:1945
[  823810ms] [ERROR] ./components/Hero.tsx:240:7
Expression expected
  238 |       {/* ── Marquee strip ── */}
  239 |       <MarqueeStrip />
> 240 |     </>
      |       ^
  241 |   );
  242 | }
  243 |

Parsing ecmascript source code failed

Import trace:
  Server Component:
    ./components/Hero.tsx
    ./app/page.tsx @ http://localhost:3000/_next/static/chunks/node_modules_next_dist_0u_w_5s._.js:1945
[  823861ms] [ERROR] ./components/Hero.tsx:240:7
Expression expected
  238 |       {/* ── Marquee strip ── */}
  239 |       <MarqueeStrip />
> 240 |     </>
      |       ^
  241 |   );
  242 | }
  243 |

Parsing ecmascript source code failed

Import trace:
  Server Component:
    ./components/Hero.tsx
    ./app/page.tsx @ http://localhost:3000/_next/static/chunks/node_modules_next_dist_0u_w_5s._.js:1945
[  823926ms] [ERROR] ./components/Hero.tsx:240:7
Expression expected
  238 |       {/* ── Marquee strip ── */}
  239 |       <MarqueeStrip />
> 240 |     </>
      |       ^
  241 |   );
  242 | }
  243 |

Parsing ecmascript source code failed

Import trace:
  Server Component:
    ./components/Hero.tsx
    ./app/page.tsx @ http://localhost:3000/_next/static/chunks/node_modules_next_dist_0u_w_5s._.js:1945
[  823970ms] [ERROR] ./components/Hero.tsx:240:7
Expression expected
  238 |       {/* ── Marquee strip ── */}
  239 |       <MarqueeStrip />
> 240 |     </>
      |       ^
  241 |   );
  242 | }
  243 |

Parsing ecmascript source code failed

Import trace:
  Server Component:
    ./components/Hero.tsx
    ./app/page.tsx @ http://localhost:3000/_next/static/chunks/node_modules_next_dist_0u_w_5s._.js:1945
[  824028ms] [ERROR] ./components/Hero.tsx:240:7
Expression expected
  238 |       {/* ── Marquee strip ── */}
  239 |       <MarqueeStrip />
> 240 |     </>
      |       ^
  241 |   );
  242 | }
  243 |

Parsing ecmascript source code failed

Import trace:
  Server Component:
    ./components/Hero.tsx
    ./app/page.tsx @ http://localhost:3000/_next/static/chunks/node_modules_next_dist_0u_w_5s._.js:1945
[  824069ms] [ERROR] ./components/Hero.tsx:240:7
Expression expected
  238 |       {/* ── Marquee strip ── */}
  239 |       <MarqueeStrip />
> 240 |     </>
      |       ^
  241 |   );
  242 | }
  243 |

Parsing ecmascript source code failed

Import trace:
  Server Component:
    ./components/Hero.tsx
    ./app/page.tsx @ http://localhost:3000/_next/static/chunks/node_modules_next_dist_0u_w_5s._.js:1945
[  824119ms] [ERROR] ./components/Hero.tsx:240:7
Expression expected
  238 |       {/* ── Marquee strip ── */}
  239 |       <MarqueeStrip />
> 240 |     </>
      |       ^
  241 |   );
  242 | }
  243 |

Parsing ecmascript source code failed

Import trace:
  Server Component:
    ./components/Hero.tsx
    ./app/page.tsx @ http://localhost:3000/_next/static/chunks/node_modules_next_dist_0u_w_5s._.js:1945
[  824174ms] [ERROR] ./components/Hero.tsx:240:7
Expression expected
  238 |       {/* ── Marquee strip ── */}
  239 |       <MarqueeStrip />
> 240 |     </>
      |       ^
  241 |   );
  242 | }
  243 |

Parsing ecmascript source code failed

Import trace:
  Server Component:
    ./components/Hero.tsx
    ./app/page.tsx @ http://localhost:3000/_next/static/chunks/node_modules_next_dist_0u_w_5s._.js:1945
[  824229ms] [ERROR] ./components/Hero.tsx:240:7
Expression expected
  238 |       {/* ── Marquee strip ── */}
  239 |       <MarqueeStrip />
> 240 |     </>
      |       ^
  241 |   );
  242 | }
  243 |

Parsing ecmascript source code failed

Import trace:
  Server Component:
    ./components/Hero.tsx
    ./app/page.tsx @ http://localhost:3000/_next/static/chunks/node_modules_next_dist_0u_w_5s._.js:1945
[  824287ms] [ERROR] ./components/Hero.tsx:240:7
Expression expected
  238 |       {/* ── Marquee strip ── */}
  239 |       <MarqueeStrip />
> 240 |     </>
      |       ^
  241 |   );
  242 | }
  243 |

Parsing ecmascript source code failed

Import trace:
  Server Component:
    ./components/Hero.tsx
    ./app/page.tsx @ http://localhost:3000/_next/static/chunks/node_modules_next_dist_0u_w_5s._.js:1945
[  824336ms] [ERROR] ./components/Hero.tsx:240:7
Expression expected
  238 |       {/* ── Marquee strip ── */}
  239 |       <MarqueeStrip />
> 240 |     </>
      |       ^
  241 |   );
  242 | }
  243 |

Parsing ecmascript source code failed

Import trace:
  Server Component:
    ./components/Hero.tsx
    ./app/page.tsx @ http://localhost:3000/_next/static/chunks/node_modules_next_dist_0u_w_5s._.js:1945
[  824395ms] [ERROR] ./components/Hero.tsx:240:7
Expression expected
  238 |       {/* ── Marquee strip ── */}
  239 |       <MarqueeStrip />
> 240 |     </>
      |       ^
  241 |   );
  242 | }
  243 |

Parsing ecmascript source code failed

Import trace:
  Server Component:
    ./components/Hero.tsx
    ./app/page.tsx @ http://localhost:3000/_next/static/chunks/node_modules_next_dist_0u_w_5s._.js:1945
[  824444ms] [ERROR] ./components/Hero.tsx:240:7
Expression expected
  238 |       {/* ── Marquee strip ── */}
  239 |       <MarqueeStrip />
> 240 |     </>
      |       ^
  241 |   );
  242 | }
  243 |

Parsing ecmascript source code failed

Import trace:
  Server Component:
    ./components/Hero.tsx
    ./app/page.tsx @ http://localhost:3000/_next/static/chunks/node_modules_next_dist_0u_w_5s._.js:1945
[  824493ms] [ERROR] ./components/Hero.tsx:240:7
Expression expected
  238 |       {/* ── Marquee strip ── */}
  239 |       <MarqueeStrip />
> 240 |     </>
      |       ^
  241 |   );
  242 | }
  243 |

Parsing ecmascript source code failed

Import trace:
  Server Component:
    ./components/Hero.tsx
    ./app/page.tsx @ http://localhost:3000/_next/static/chunks/node_modules_next_dist_0u_w_5s._.js:1945
[  824551ms] [ERROR] ./components/Hero.tsx:240:7
Expression expected
  238 |       {/* ── Marquee strip ── */}
  239 |       <MarqueeStrip />
> 240 |     </>
      |       ^
  241 |   );
  242 | }
  243 |

Parsing ecmascript source code failed

Import trace:
  Server Component:
    ./components/Hero.tsx
    ./app/page.tsx @ http://localhost:3000/_next/static/chunks/node_modules_next_dist_0u_w_5s._.js:1945
[  824599ms] [ERROR] ./components/Hero.tsx:240:7
Expression expected
  238 |       {/* ── Marquee strip ── */}
  239 |       <MarqueeStrip />
> 240 |     </>
      |       ^
  241 |   );
  242 | }
  243 |

Parsing ecmascript source code failed

Import trace:
  Server Component:
    ./components/Hero.tsx
    ./app/page.tsx @ http://localhost:3000/_next/static/chunks/node_modules_next_dist_0u_w_5s._.js:1945
[  824645ms] [ERROR] ./components/Hero.tsx:240:7
Expression expected
  238 |       {/* ── Marquee strip ── */}
  239 |       <MarqueeStrip />
> 240 |     </>
      |       ^
  241 |   );
  242 | }
  243 |

Parsing ecmascript source code failed

Import trace:
  Server Component:
    ./components/Hero.tsx
    ./app/page.tsx @ http://localhost:3000/_next/static/chunks/node_modules_next_dist_0u_w_5s._.js:1945
[  824687ms] [ERROR] ./components/Hero.tsx:240:7
Expression expected
  238 |       {/* ── Marquee strip ── */}
  239 |       <MarqueeStrip />
> 240 |     </>
      |       ^
  241 |   );
  242 | }
  243 |

Parsing ecmascript source code failed

Import trace:
  Server Component:
    ./components/Hero.tsx
    ./app/page.tsx @ http://localhost:3000/_next/static/chunks/node_modules_next_dist_0u_w_5s._.js:1945
[  824741ms] [ERROR] ./components/Hero.tsx:240:7
Expression expected
  238 |       {/* ── Marquee strip ── */}
  239 |       <MarqueeStrip />
> 240 |     </>
      |       ^
  241 |   );
  242 | }
  243 |

Parsing ecmascript source code failed

Import trace:
  Server Component:
    ./components/Hero.tsx
    ./app/page.tsx @ http://localhost:3000/_next/static/chunks/node_modules_next_dist_0u_w_5s._.js:1945
[  824792ms] [ERROR] ./components/Hero.tsx:240:7
Expression expected
  238 |       {/* ── Marquee strip ── */}
  239 |       <MarqueeStrip />
> 240 |     </>
      |       ^
  241 |   );
  242 | }
  243 |

Parsing ecmascript source code failed

Import trace:
  Server Component:
    ./components/Hero.tsx
    ./app/page.tsx @ http://localhost:3000/_next/static/chunks/node_modules_next_dist_0u_w_5s._.js:1945
[  824853ms] [ERROR] ./components/Hero.tsx:240:7
Expression expected
  238 |       {/* ── Marquee strip ── */}
  239 |       <MarqueeStrip />
> 240 |     </>
      |       ^
  241 |   );
  242 | }
  243 |

Parsing ecmascript source code failed

Import trace:
  Server Component:
    ./components/Hero.tsx
    ./app/page.tsx @ http://localhost:3000/_next/static/chunks/node_modules_next_dist_0u_w_5s._.js:1945
[  824895ms] [ERROR] ./components/Hero.tsx:240:7
Expression expected
  238 |       {/* ── Marquee strip ── */}
  239 |       <MarqueeStrip />
> 240 |     </>
      |       ^
  241 |   );
  242 | }
  243 |

Parsing ecmascript source code failed

Import trace:
  Server Component:
    ./components/Hero.tsx
    ./app/page.tsx @ http://localhost:3000/_next/static/chunks/node_modules_next_dist_0u_w_5s._.js:1945
[  824951ms] [ERROR] ./components/Hero.tsx:240:7
Expression expected
  238 |       {/* ── Marquee strip ── */}
  239 |       <MarqueeStrip />
> 240 |     </>
      |       ^
  241 |   );
  242 | }
  243 |

Parsing ecmascript source code failed

Import trace:
  Server Component:
    ./components/Hero.tsx
    ./app/page.tsx @ http://localhost:3000/_next/static/chunks/node_modules_next_dist_0u_w_5s._.js:1945
[  825007ms] [ERROR] ./components/Hero.tsx:240:7
Expression expected
  238 |       {/* ── Marquee strip ── */}
  239 |       <MarqueeStrip />
> 240 |     </>
      |       ^
  241 |   );
  242 | }
  243 |

Parsing ecmascript source code failed

Import trace:
  Server Component:
    ./components/Hero.tsx
    ./app/page.tsx @ http://localhost:3000/_next/static/chunks/node_modules_next_dist_0u_w_5s._.js:1945
[  825055ms] [ERROR] ./components/Hero.tsx:240:7
Expression expected
  238 |       {/* ── Marquee strip ── */}
  239 |       <MarqueeStrip />
> 240 |     </>
      |       ^
  241 |   );
  242 | }
  243 |

Parsing ecmascript source code failed

Import trace:
  Server Component:
    ./components/Hero.tsx
    ./app/page.tsx @ http://localhost:3000/_next/static/chunks/node_modules_next_dist_0u_w_5s._.js:1945
[  825097ms] [ERROR] ./components/Hero.tsx:240:7
Expression expected
  238 |       {/* ── Marquee strip ── */}
  239 |       <MarqueeStrip />
> 240 |     </>
      |       ^
  241 |   );
  242 | }
  243 |

Parsing ecmascript source code failed

Import trace:
  Server Component:
    ./components/Hero.tsx
    ./app/page.tsx @ http://localhost:3000/_next/static/chunks/node_modules_next_dist_0u_w_5s._.js:1945
[  825156ms] [ERROR] ./components/Hero.tsx:240:7
Expression expected
  238 |       {/* ── Marquee strip ── */}
  239 |       <MarqueeStrip />
> 240 |     </>
      |       ^
  241 |   );
  242 | }
  243 |

Parsing ecmascript source code failed

Import trace:
  Server Component:
    ./components/Hero.tsx
    ./app/page.tsx @ http://localhost:3000/_next/static/chunks/node_modules_next_dist_0u_w_5s._.js:1945
[  825219ms] [ERROR] ./components/Hero.tsx:240:7
Expression expected
  238 |       {/* ── Marquee strip ── */}
  239 |       <MarqueeStrip />
> 240 |     </>
      |       ^
  241 |   );
  242 | }
  243 |

Parsing ecmascript source code failed

Import trace:
  Server Component:
    ./components/Hero.tsx
    ./app/page.tsx @ http://localhost:3000/_next/static/chunks/node_modules_next_dist_0u_w_5s._.js:1945
[  825278ms] [ERROR] ./components/Hero.tsx:240:7
Expression expected
  238 |       {/* ── Marquee strip ── */}
  239 |       <MarqueeStrip />
> 240 |     </>
      |       ^
  241 |   );
  242 | }
  243 |

Parsing ecmascript source code failed

Import trace:
  Server Component:
    ./components/Hero.tsx
    ./app/page.tsx @ http://localhost:3000/_next/static/chunks/node_modules_next_dist_0u_w_5s._.js:1945
[  825337ms] [ERROR] ./components/Hero.tsx:240:7
Expression expected
  238 |       {/* ── Marquee strip ── */}
  239 |       <MarqueeStrip />
> 240 |     </>
      |       ^
  241 |   );
  242 | }
  243 |

Parsing ecmascript source code failed

Import trace:
  Server Component:
    ./components/Hero.tsx
    ./app/page.tsx @ http://localhost:3000/_next/static/chunks/node_modules_next_dist_0u_w_5s._.js:1945
[  825398ms] [ERROR] ./components/Hero.tsx:240:7
Expression expected
  238 |       {/* ── Marquee strip ── */}
  239 |       <MarqueeStrip />
> 240 |     </>
      |       ^
  241 |   );
  242 | }
  243 |

Parsing ecmascript source code failed

Import trace:
  Server Component:
    ./components/Hero.tsx
    ./app/page.tsx @ http://localhost:3000/_next/static/chunks/node_modules_next_dist_0u_w_5s._.js:1945
[  825458ms] [ERROR] ./components/Hero.tsx:240:7
Expression expected
  238 |       {/* ── Marquee strip ── */}
  239 |       <MarqueeStrip />
> 240 |     </>
      |       ^
  241 |   );
  242 | }
  243 |

Parsing ecmascript source code failed

Import trace:
  Server Component:
    ./components/Hero.tsx
    ./app/page.tsx @ http://localhost:3000/_next/static/chunks/node_modules_next_dist_0u_w_5s._.js:1945
[  825507ms] [ERROR] ./components/Hero.tsx:240:7
Expression expected
  238 |       {/* ── Marquee strip ── */}
  239 |       <MarqueeStrip />
> 240 |     </>
      |       ^
  241 |   );
  242 | }
  243 |

Parsing ecmascript source code failed

Import trace:
  Server Component:
    ./components/Hero.tsx
    ./app/page.tsx @ http://localhost:3000/_next/static/chunks/node_modules_next_dist_0u_w_5s._.js:1945
[  825565ms] [ERROR] ./components/Hero.tsx:240:7
Expression expected
  238 |       {/* ── Marquee strip ── */}
  239 |       <MarqueeStrip />
> 240 |     </>
      |       ^
  241 |   );
  242 | }
  243 |

Parsing ecmascript source code failed

Import trace:
  Server Component:
    ./components/Hero.tsx
    ./app/page.tsx @ http://localhost:3000/_next/static/chunks/node_modules_next_dist_0u_w_5s._.js:1945
[  825615ms] [ERROR] ./components/Hero.tsx:240:7
Expression expected
  238 |       {/* ── Marquee strip ── */}
  239 |       <MarqueeStrip />
> 240 |     </>
      |       ^
  241 |   );
  242 | }
  243 |

Parsing ecmascript source code failed

Import trace:
  Server Component:
    ./components/Hero.tsx
    ./app/page.tsx @ http://localhost:3000/_next/static/chunks/node_modules_next_dist_0u_w_5s._.js:1945
[  825659ms] [ERROR] ./components/Hero.tsx:240:7
Expression expected
  238 |       {/* ── Marquee strip ── */}
  239 |       <MarqueeStrip />
> 240 |     </>
      |       ^
  241 |   );
  242 | }
  243 |

Parsing ecmascript source code failed

Import trace:
  Server Component:
    ./components/Hero.tsx
    ./app/page.tsx @ http://localhost:3000/_next/static/chunks/node_modules_next_dist_0u_w_5s._.js:1945
[  825725ms] [ERROR] ./components/Hero.tsx:240:7
Expression expected
  238 |       {/* ── Marquee strip ── */}
  239 |       <MarqueeStrip />
> 240 |     </>
      |       ^
  241 |   );
  242 | }
  243 |

Parsing ecmascript source code failed

Import trace:
  Server Component:
    ./components/Hero.tsx
    ./app/page.tsx @ http://localhost:3000/_next/static/chunks/node_modules_next_dist_0u_w_5s._.js:1945
[  825767ms] [ERROR] ./components/Hero.tsx:240:7
Expression expected
  238 |       {/* ── Marquee strip ── */}
  239 |       <MarqueeStrip />
> 240 |     </>
      |       ^
  241 |   );
  242 | }
  243 |

Parsing ecmascript source code failed

Import trace:
  Server Component:
    ./components/Hero.tsx
    ./app/page.tsx @ http://localhost:3000/_next/static/chunks/node_modules_next_dist_0u_w_5s._.js:1945
[  825829ms] [ERROR] ./components/Hero.tsx:240:7
Expression expected
  238 |       {/* ── Marquee strip ── */}
  239 |       <MarqueeStrip />
> 240 |     </>
      |       ^
  241 |   );
  242 | }
  243 |

Parsing ecmascript source code failed

Import trace:
  Server Component:
    ./components/Hero.tsx
    ./app/page.tsx @ http://localhost:3000/_next/static/chunks/node_modules_next_dist_0u_w_5s._.js:1945
[  825885ms] [ERROR] ./components/Hero.tsx:240:7
Expression expected
  238 |       {/* ── Marquee strip ── */}
  239 |       <MarqueeStrip />
> 240 |     </>
      |       ^
  241 |   );
  242 | }
  243 |

Parsing ecmascript source code failed

Import trace:
  Server Component:
    ./components/Hero.tsx
    ./app/page.tsx @ http://localhost:3000/_next/static/chunks/node_modules_next_dist_0u_w_5s._.js:1945
[  825944ms] [ERROR] ./components/Hero.tsx:240:7
Expression expected
  238 |       {/* ── Marquee strip ── */}
  239 |       <MarqueeStrip />
> 240 |     </>
      |       ^
  241 |   );
  242 | }
  243 |

Parsing ecmascript source code failed

Import trace:
  Server Component:
    ./components/Hero.tsx
    ./app/page.tsx @ http://localhost:3000/_next/static/chunks/node_modules_next_dist_0u_w_5s._.js:1945
[  826006ms] [ERROR] ./components/Hero.tsx:240:7
Expression expected
  238 |       {/* ── Marquee strip ── */}
  239 |       <MarqueeStrip />
> 240 |     </>
      |       ^
  241 |   );
  242 | }
  243 |

Parsing ecmascript source code failed

Import trace:
  Server Component:
    ./components/Hero.tsx
    ./app/page.tsx @ http://localhost:3000/_next/static/chunks/node_modules_next_dist_0u_w_5s._.js:1945
[  826068ms] [ERROR] ./components/Hero.tsx:240:7
Expression expected
  238 |       {/* ── Marquee strip ── */}
  239 |       <MarqueeStrip />
> 240 |     </>
      |       ^
  241 |   );
  242 | }
  243 |

Parsing ecmascript source code failed

Import trace:
  Server Component:
    ./components/Hero.tsx
    ./app/page.tsx @ http://localhost:3000/_next/static/chunks/node_modules_next_dist_0u_w_5s._.js:1945
[  826120ms] [ERROR] ./components/Hero.tsx:240:7
Expression expected
  238 |       {/* ── Marquee strip ── */}
  239 |       <MarqueeStrip />
> 240 |     </>
      |       ^
  241 |   );
  242 | }
  243 |

Parsing ecmascript source code failed

Import trace:
  Server Component:
    ./components/Hero.tsx
    ./app/page.tsx @ http://localhost:3000/_next/static/chunks/node_modules_next_dist_0u_w_5s._.js:1945
[  826178ms] [ERROR] ./components/Hero.tsx:240:7
Expression expected
  238 |       {/* ── Marquee strip ── */}
  239 |       <MarqueeStrip />
> 240 |     </>
      |       ^
  241 |   );
  242 | }
  243 |

Parsing ecmascript source code failed

Import trace:
  Server Component:
    ./components/Hero.tsx
    ./app/page.tsx @ http://localhost:3000/_next/static/chunks/node_modules_next_dist_0u_w_5s._.js:1945
[  826236ms] [ERROR] ./components/Hero.tsx:240:7
Expression expected
  238 |       {/* ── Marquee strip ── */}
  239 |       <MarqueeStrip />
> 240 |     </>
      |       ^
  241 |   );
  242 | }
  243 |

Parsing ecmascript source code failed

Import trace:
  Server Component:
    ./components/Hero.tsx
    ./app/page.tsx @ http://localhost:3000/_next/static/chunks/node_modules_next_dist_0u_w_5s._.js:1945
[  826305ms] [ERROR] ./components/Hero.tsx:240:7
Expression expected
  238 |       {/* ── Marquee strip ── */}
  239 |       <MarqueeStrip />
> 240 |     </>
      |       ^
  241 |   );
  242 | }
  243 |

Parsing ecmascript source code failed

Import trace:
  Server Component:
    ./components/Hero.tsx
    ./app/page.tsx @ http://localhost:3000/_next/static/chunks/node_modules_next_dist_0u_w_5s._.js:1945
[  826364ms] [ERROR] ./components/Hero.tsx:240:7
Expression expected
  238 |       {/* ── Marquee strip ── */}
  239 |       <MarqueeStrip />
> 240 |     </>
      |       ^
  241 |   );
  242 | }
  243 |

Parsing ecmascript source code failed

Import trace:
  Server Component:
    ./components/Hero.tsx
    ./app/page.tsx @ http://localhost:3000/_next/static/chunks/node_modules_next_dist_0u_w_5s._.js:1945
[  826384ms] [LOG] [Fast Refresh] rebuilding @ http://localhost:3000/_next/static/chunks/node_modules_next_dist_0u_w_5s._.js:1226
[  826674ms] [LOG] [Fast Refresh] done in 158ms @ http://localhost:3000/_next/static/chunks/node_modules_next_dist_0u_w_5s._.js:1226
[  826813ms] [INFO] %cDownload the React DevTools for a better development experience: https://react.dev/link/react-devtools font-weight:bold @ http://localhost:3000/_next/static/chunks/node_modules_next_dist_115brz8._.js:2477
[  826834ms] [LOG] [HMR] connected @ http://localhost:3000/_next/static/chunks/node_modules_next_dist_115brz8._.js:2477
